{"/Users/alex/things/ecosystem/thing-factory/index.js":{"path":"/Users/alex/things/ecosystem/thing-factory/index.js","s":{"1":1,"2":1,"3":1,"4":1,"5":1,"6":1,"7":1,"8":1,"9":1,"10":1,"11":1,"12":1,"13":1,"14":1,"15":1,"16":1,"17":3,"18":3,"19":0,"20":3,"21":3,"22":1,"23":1,"24":1,"25":3,"26":3,"27":3,"28":1,"29":1,"30":2,"31":2,"32":1,"33":2,"34":2,"35":2,"36":2,"37":2,"38":2,"39":1,"40":0,"41":1,"42":1,"43":0,"44":0,"45":0,"46":0,"47":0,"48":0,"49":0,"50":0,"51":0,"52":0,"53":0,"54":0,"55":1,"56":0,"57":0,"58":1,"59":0,"60":0,"61":0,"62":0,"63":0,"64":0,"65":0,"66":0,"67":0,"68":0,"69":0,"70":0,"71":0,"72":0,"73":0,"74":0,"75":0,"76":1,"77":8,"78":2,"79":6,"80":6},"b":{"1":[0,3],"2":[1,2],"3":[0,0],"4":[0,0],"5":[0,0],"6":[0,0],"7":[2,6]},"f":{"1":1,"2":1,"3":3,"4":1,"5":3,"6":2,"7":0,"8":0,"9":0,"10":0,"11":0,"12":0,"13":0,"14":8},"fnMap":{"1":{"name":"ThingFactory","line":9,"loc":{"start":{"line":9,"column":0},"end":{"line":9,"column":33}}},"2":{"name":"(anonymous_2)","line":24,"loc":{"start":{"line":24,"column":28},"end":{"line":24,"column":40}}},"3":{"name":"(anonymous_3)","line":26,"loc":{"start":{"line":26,"column":27},"end":{"line":26,"column":43}}},"4":{"name":"(anonymous_4)","line":35,"loc":{"start":{"line":35,"column":28},"end":{"line":35,"column":40}}},"5":{"name":"(anonymous_5)","line":40,"loc":{"start":{"line":40,"column":15},"end":{"line":40,"column":47}}},"6":{"name":"(anonymous_6)","line":54,"loc":{"start":{"line":54,"column":20},"end":{"line":54,"column":42}}},"7":{"name":"(anonymous_7)","line":66,"loc":{"start":{"line":66,"column":20},"end":{"line":66,"column":52}}},"8":{"name":"(anonymous_8)","line":72,"loc":{"start":{"line":72,"column":18},"end":{"line":72,"column":34}}},"9":{"name":"getSharedProperties","line":74,"loc":{"start":{"line":74,"column":4},"end":{"line":74,"column":48}}},"10":{"name":"(anonymous_10)","line":88,"loc":{"start":{"line":88,"column":25},"end":{"line":88,"column":47}}},"11":{"name":"(anonymous_11)","line":97,"loc":{"start":{"line":97,"column":21},"end":{"line":97,"column":33}}},"12":{"name":"buildLifeBranch","line":103,"loc":{"start":{"line":103,"column":4},"end":{"line":103,"column":41}}},"13":{"name":"(anonymous_13)","line":119,"loc":{"start":{"line":119,"column":39},"end":{"line":119,"column":54}}},"14":{"name":"recurseClass","line":130,"loc":{"start":{"line":130,"column":0},"end":{"line":130,"column":37}}}},"statementMap":{"1":{"start":{"line":2,"column":0},"end":{"line":2,"column":29}},"2":{"start":{"line":3,"column":0},"end":{"line":3,"column":31}},"3":{"start":{"line":4,"column":0},"end":{"line":4,"column":27}},"4":{"start":{"line":5,"column":0},"end":{"line":5,"column":50}},"5":{"start":{"line":7,"column":0},"end":{"line":7,"column":30}},"6":{"start":{"line":9,"column":0},"end":{"line":17,"column":1}},"7":{"start":{"line":10,"column":4},"end":{"line":10,"column":28}},"8":{"start":{"line":12,"column":4},"end":{"line":12,"column":22}},"9":{"start":{"line":13,"column":4},"end":{"line":13,"column":29}},"10":{"start":{"line":14,"column":4},"end":{"line":14,"column":40}},"11":{"start":{"line":16,"column":4},"end":{"line":16,"column":31}},"12":{"start":{"line":19,"column":0},"end":{"line":19,"column":42}},"13":{"start":{"line":22,"column":0},"end":{"line":22,"column":35}},"14":{"start":{"line":24,"column":0},"end":{"line":38,"column":2}},"15":{"start":{"line":25,"column":4},"end":{"line":25,"column":21}},"16":{"start":{"line":26,"column":4},"end":{"line":33,"column":7}},"17":{"start":{"line":27,"column":8},"end":{"line":27,"column":71}},"18":{"start":{"line":28,"column":8},"end":{"line":28,"column":41}},"19":{"start":{"line":28,"column":34},"end":{"line":28,"column":41}},"20":{"start":{"line":30,"column":8},"end":{"line":30,"column":49}},"21":{"start":{"line":32,"column":8},"end":{"line":32,"column":54}},"22":{"start":{"line":35,"column":4},"end":{"line":37,"column":7}},"23":{"start":{"line":36,"column":8},"end":{"line":36,"column":28}},"24":{"start":{"line":40,"column":0},"end":{"line":52,"column":2}},"25":{"start":{"line":42,"column":4},"end":{"line":42,"column":50}},"26":{"start":{"line":43,"column":4},"end":{"line":43,"column":45}},"27":{"start":{"line":44,"column":4},"end":{"line":47,"column":5}},"28":{"start":{"line":45,"column":8},"end":{"line":45,"column":67}},"29":{"start":{"line":46,"column":8},"end":{"line":46,"column":20}},"30":{"start":{"line":49,"column":4},"end":{"line":49,"column":37}},"31":{"start":{"line":50,"column":4},"end":{"line":50,"column":22}},"32":{"start":{"line":54,"column":0},"end":{"line":64,"column":2}},"33":{"start":{"line":56,"column":4},"end":{"line":56,"column":30}},"34":{"start":{"line":57,"column":4},"end":{"line":57,"column":50}},"35":{"start":{"line":58,"column":4},"end":{"line":58,"column":43}},"36":{"start":{"line":59,"column":4},"end":{"line":59,"column":54}},"37":{"start":{"line":61,"column":4},"end":{"line":61,"column":42}},"38":{"start":{"line":63,"column":4},"end":{"line":63,"column":38}},"39":{"start":{"line":66,"column":0},"end":{"line":68,"column":2}},"40":{"start":{"line":67,"column":4},"end":{"line":67,"column":63}},"41":{"start":{"line":72,"column":0},"end":{"line":95,"column":2}},"42":{"start":{"line":74,"column":4},"end":{"line":81,"column":5}},"43":{"start":{"line":75,"column":8},"end":{"line":75,"column":24}},"44":{"start":{"line":76,"column":8},"end":{"line":78,"column":9}},"45":{"start":{"line":77,"column":12},"end":{"line":77,"column":74}},"46":{"start":{"line":77,"column":57},"end":{"line":77,"column":74}},"47":{"start":{"line":80,"column":8},"end":{"line":80,"column":22}},"48":{"start":{"line":83,"column":4},"end":{"line":83,"column":21}},"49":{"start":{"line":84,"column":4},"end":{"line":84,"column":52}},"50":{"start":{"line":85,"column":4},"end":{"line":87,"column":5}},"51":{"start":{"line":86,"column":8},"end":{"line":86,"column":32}},"52":{"start":{"line":88,"column":4},"end":{"line":91,"column":7}},"53":{"start":{"line":90,"column":8},"end":{"line":90,"column":54}},"54":{"start":{"line":93,"column":4},"end":{"line":93,"column":16}},"55":{"start":{"line":97,"column":0},"end":{"line":128,"column":2}},"56":{"start":{"line":99,"column":4},"end":{"line":99,"column":21}},"57":{"start":{"line":100,"column":4},"end":{"line":100,"column":23}},"58":{"start":{"line":103,"column":4},"end":{"line":116,"column":5}},"59":{"start":{"line":104,"column":8},"end":{"line":104,"column":42}},"60":{"start":{"line":105,"column":8},"end":{"line":105,"column":38}},"61":{"start":{"line":106,"column":8},"end":{"line":112,"column":9}},"62":{"start":{"line":107,"column":12},"end":{"line":107,"column":37}},"63":{"start":{"line":109,"column":12},"end":{"line":109,"column":52}},"64":{"start":{"line":110,"column":12},"end":{"line":110,"column":40}},"65":{"start":{"line":111,"column":12},"end":{"line":111,"column":35}},"66":{"start":{"line":113,"column":8},"end":{"line":113,"column":34}},"67":{"start":{"line":113,"column":27},"end":{"line":113,"column":34}},"68":{"start":{"line":115,"column":8},"end":{"line":115,"column":52}},"69":{"start":{"line":119,"column":4},"end":{"line":125,"column":7}},"70":{"start":{"line":120,"column":8},"end":{"line":120,"column":53}},"71":{"start":{"line":121,"column":8},"end":{"line":121,"column":23}},"72":{"start":{"line":122,"column":8},"end":{"line":122,"column":35}},"73":{"start":{"line":123,"column":8},"end":{"line":123,"column":32}},"74":{"start":{"line":124,"column":8},"end":{"line":124,"column":42}},"75":{"start":{"line":127,"column":4},"end":{"line":127,"column":43}},"76":{"start":{"line":130,"column":0},"end":{"line":134,"column":1}},"77":{"start":{"line":131,"column":4},"end":{"line":132,"column":32}},"78":{"start":{"line":131,"column":16},"end":{"line":131,"column":30}},"79":{"start":{"line":132,"column":9},"end":{"line":132,"column":32}},"80":{"start":{"line":133,"column":4},"end":{"line":133,"column":45}}},"branchMap":{"1":{"line":28,"type":"if","locations":[{"start":{"line":28,"column":8},"end":{"line":28,"column":8}},{"start":{"line":28,"column":8},"end":{"line":28,"column":8}}]},"2":{"line":44,"type":"if","locations":[{"start":{"line":44,"column":4},"end":{"line":44,"column":4}},{"start":{"line":44,"column":4},"end":{"line":44,"column":4}}]},"3":{"line":77,"type":"if","locations":[{"start":{"line":77,"column":12},"end":{"line":77,"column":12}},{"start":{"line":77,"column":12},"end":{"line":77,"column":12}}]},"4":{"line":85,"type":"if","locations":[{"start":{"line":85,"column":4},"end":{"line":85,"column":4}},{"start":{"line":85,"column":4},"end":{"line":85,"column":4}}]},"5":{"line":106,"type":"if","locations":[{"start":{"line":106,"column":8},"end":{"line":106,"column":8}},{"start":{"line":106,"column":8},"end":{"line":106,"column":8}}]},"6":{"line":113,"type":"if","locations":[{"start":{"line":113,"column":8},"end":{"line":113,"column":8}},{"start":{"line":113,"column":8},"end":{"line":113,"column":8}}]},"7":{"line":131,"type":"if","locations":[{"start":{"line":131,"column":4},"end":{"line":131,"column":4}},{"start":{"line":131,"column":4},"end":{"line":131,"column":4}}]}}},"/Users/alex/things/ecosystem/thing-factory/util.js":{"path":"/Users/alex/things/ecosystem/thing-factory/util.js","s":{"1":1,"2":1,"3":1,"4":1,"5":0,"6":0,"7":0,"8":0,"9":0,"10":0,"11":0,"12":1,"13":0,"14":0,"15":0,"16":0,"17":0,"18":0,"19":0,"20":0,"21":0,"22":0,"23":0,"24":1,"25":0,"26":0,"27":0,"28":0,"29":1,"30":0,"31":0,"32":0,"33":0,"34":1,"35":0,"36":0,"37":0,"38":0},"b":{"1":[0,0],"2":[0,0],"3":[0,0],"4":[0,0],"5":[0,0],"6":[0,0]},"f":{"1":0,"2":0,"3":0,"4":0,"5":0,"6":0,"7":0,"8":0,"9":0,"10":0,"11":0,"12":0},"fnMap":{"1":{"name":"(anonymous_1)","line":12,"loc":{"start":{"line":12,"column":17},"end":{"line":12,"column":29}}},"2":{"name":"(anonymous_2)","line":31,"loc":{"start":{"line":31,"column":18},"end":{"line":31,"column":59}}},"3":{"name":"(anonymous_3)","line":36,"loc":{"start":{"line":36,"column":18},"end":{"line":36,"column":40}}},"4":{"name":"(anonymous_4)","line":39,"loc":{"start":{"line":39,"column":27},"end":{"line":39,"column":39}}},"5":{"name":"(anonymous_5)","line":48,"loc":{"start":{"line":48,"column":17},"end":{"line":48,"column":52}}},"6":{"name":"(anonymous_6)","line":49,"loc":{"start":{"line":49,"column":41},"end":{"line":49,"column":56}}},"7":{"name":"(anonymous_7)","line":57,"loc":{"start":{"line":57,"column":19},"end":{"line":57,"column":60}}},"8":{"name":"(anonymous_8)","line":58,"loc":{"start":{"line":58,"column":18},"end":{"line":58,"column":40}}},"9":{"name":"(anonymous_9)","line":59,"loc":{"start":{"line":59,"column":27},"end":{"line":59,"column":39}}},"10":{"name":"(anonymous_10)","line":67,"loc":{"start":{"line":67,"column":26},"end":{"line":67,"column":78}}},"11":{"name":"(anonymous_11)","line":68,"loc":{"start":{"line":68,"column":20},"end":{"line":68,"column":42}}},"12":{"name":"(anonymous_12)","line":69,"loc":{"start":{"line":69,"column":31},"end":{"line":69,"column":43}}}},"statementMap":{"1":{"start":{"line":4,"column":0},"end":{"line":4,"column":23}},"2":{"start":{"line":6,"column":0},"end":{"line":6,"column":44}},"3":{"start":{"line":7,"column":0},"end":{"line":7,"column":42}},"4":{"start":{"line":12,"column":0},"end":{"line":28,"column":2}},"5":{"start":{"line":13,"column":2},"end":{"line":17,"column":15}},"6":{"start":{"line":19,"column":2},"end":{"line":26,"column":3}},"7":{"start":{"line":20,"column":4},"end":{"line":20,"column":28}},"8":{"start":{"line":21,"column":4},"end":{"line":25,"column":5}},"9":{"start":{"line":22,"column":6},"end":{"line":24,"column":7}},"10":{"start":{"line":23,"column":8},"end":{"line":23,"column":38}},"11":{"start":{"line":27,"column":2},"end":{"line":27,"column":18}},"12":{"start":{"line":31,"column":0},"end":{"line":45,"column":2}},"13":{"start":{"line":32,"column":2},"end":{"line":35,"column":3}},"14":{"start":{"line":33,"column":6},"end":{"line":33,"column":27}},"15":{"start":{"line":34,"column":4},"end":{"line":34,"column":38}},"16":{"start":{"line":36,"column":2},"end":{"line":42,"column":5}},"17":{"start":{"line":37,"column":4},"end":{"line":37,"column":61}},"18":{"start":{"line":37,"column":54},"end":{"line":37,"column":61}},"19":{"start":{"line":38,"column":6},"end":{"line":38,"column":46}},"20":{"start":{"line":38,"column":39},"end":{"line":38,"column":46}},"21":{"start":{"line":39,"column":4},"end":{"line":41,"column":6}},"22":{"start":{"line":40,"column":6},"end":{"line":40,"column":65}},"23":{"start":{"line":44,"column":2},"end":{"line":44,"column":18}},"24":{"start":{"line":48,"column":0},"end":{"line":57,"column":0}},"25":{"start":{"line":49,"column":4},"end":{"line":54,"column":7}},"26":{"start":{"line":50,"column":8},"end":{"line":53,"column":9}},"27":{"start":{"line":51,"column":12},"end":{"line":51,"column":38}},"28":{"start":{"line":52,"column":12},"end":{"line":52,"column":53}},"29":{"start":{"line":57,"column":0},"end":{"line":65,"column":2}},"30":{"start":{"line":58,"column":2},"end":{"line":62,"column":5}},"31":{"start":{"line":59,"column":4},"end":{"line":61,"column":6}},"32":{"start":{"line":60,"column":6},"end":{"line":60,"column":63}},"33":{"start":{"line":64,"column":2},"end":{"line":64,"column":18}},"34":{"start":{"line":67,"column":0},"end":{"line":75,"column":2}},"35":{"start":{"line":68,"column":4},"end":{"line":72,"column":7}},"36":{"start":{"line":69,"column":8},"end":{"line":71,"column":10}},"37":{"start":{"line":70,"column":12},"end":{"line":70,"column":70}},"38":{"start":{"line":74,"column":4},"end":{"line":74,"column":20}}},"branchMap":{"1":{"line":22,"type":"if","locations":[{"start":{"line":22,"column":6},"end":{"line":22,"column":6}},{"start":{"line":22,"column":6},"end":{"line":22,"column":6}}]},"2":{"line":32,"type":"if","locations":[{"start":{"line":32,"column":2},"end":{"line":32,"column":2}},{"start":{"line":32,"column":2},"end":{"line":32,"column":2}}]},"3":{"line":37,"type":"if","locations":[{"start":{"line":37,"column":4},"end":{"line":37,"column":4}},{"start":{"line":37,"column":4},"end":{"line":37,"column":4}}]},"4":{"line":38,"type":"if","locations":[{"start":{"line":38,"column":6},"end":{"line":38,"column":6}},{"start":{"line":38,"column":6},"end":{"line":38,"column":6}}]},"5":{"line":50,"type":"if","locations":[{"start":{"line":50,"column":8},"end":{"line":50,"column":8}},{"start":{"line":50,"column":8},"end":{"line":50,"column":8}}]},"6":{"line":50,"type":"binary-expr","locations":[{"start":{"line":50,"column":12},"end":{"line":50,"column":36}},{"start":{"line":50,"column":40},"end":{"line":50,"column":81}}]}}},"/Users/alex/things/ecosystem/thing-factory/things/baseclass.js":{"path":"/Users/alex/things/ecosystem/thing-factory/things/baseclass.js","s":{"1":1,"2":1,"3":2,"4":0},"b":{"1":[0,2]},"f":{"1":2},"fnMap":{"1":{"name":"BaseClass","line":5,"loc":{"start":{"line":5,"column":0},"end":{"line":5,"column":26}}}},"statementMap":{"1":{"start":{"line":3,"column":0},"end":{"line":3,"column":27}},"2":{"start":{"line":5,"column":0},"end":{"line":7,"column":1}},"3":{"start":{"line":6,"column":1},"end":{"line":6,"column":22}},"4":{"start":{"line":6,"column":12},"end":{"line":6,"column":22}}},"branchMap":{"1":{"line":6,"type":"if","locations":[{"start":{"line":6,"column":1},"end":{"line":6,"column":1}},{"start":{"line":6,"column":1},"end":{"line":6,"column":1}}]}}},"/Users/alex/things/ecosystem/thing-factory/things/extendedclass.js":{"path":"/Users/alex/things/ecosystem/thing-factory/things/extendedclass.js","s":{"1":1,"2":1,"3":1,"4":1,"5":2,"6":0,"7":2,"8":1},"b":{"1":[0,2]},"f":{"1":2},"fnMap":{"1":{"name":"ExtendedClass","line":8,"loc":{"start":{"line":8,"column":0},"end":{"line":8,"column":30}}}},"statementMap":{"1":{"start":{"line":3,"column":0},"end":{"line":3,"column":39}},"2":{"start":{"line":4,"column":0},"end":{"line":4,"column":27}},"3":{"start":{"line":6,"column":0},"end":{"line":6,"column":31}},"4":{"start":{"line":8,"column":0},"end":{"line":12,"column":1}},"5":{"start":{"line":9,"column":1},"end":{"line":9,"column":22}},"6":{"start":{"line":9,"column":12},"end":{"line":9,"column":22}},"7":{"start":{"line":11,"column":4},"end":{"line":11,"column":31}},"8":{"start":{"line":14,"column":0},"end":{"line":14,"column":40}}},"branchMap":{"1":{"line":9,"type":"if","locations":[{"start":{"line":9,"column":1},"end":{"line":9,"column":1}},{"start":{"line":9,"column":1},"end":{"line":9,"column":1}}]}}},"/Users/alex/things/ecosystem/thing-factory/things/superclass.js":{"path":"/Users/alex/things/ecosystem/thing-factory/things/superclass.js","s":{"1":1,"2":1,"3":1,"4":1,"5":2,"6":1,"7":2,"8":1},"b":{"1":[1,1]},"f":{"1":2},"fnMap":{"1":{"name":"SuperClass","line":8,"loc":{"start":{"line":8,"column":0},"end":{"line":8,"column":27}}}},"statementMap":{"1":{"start":{"line":3,"column":0},"end":{"line":3,"column":47}},"2":{"start":{"line":4,"column":0},"end":{"line":4,"column":27}},"3":{"start":{"line":6,"column":0},"end":{"line":6,"column":28}},"4":{"start":{"line":8,"column":0},"end":{"line":12,"column":1}},"5":{"start":{"line":9,"column":1},"end":{"line":9,"column":22}},"6":{"start":{"line":9,"column":12},"end":{"line":9,"column":22}},"7":{"start":{"line":11,"column":4},"end":{"line":11,"column":35}},"8":{"start":{"line":14,"column":0},"end":{"line":14,"column":41}}},"branchMap":{"1":{"line":9,"type":"if","locations":[{"start":{"line":9,"column":1},"end":{"line":9,"column":1}},{"start":{"line":9,"column":1},"end":{"line":9,"column":1}}]}}}}