TN:
SF:/Users/alex/things/ecosystem/thing-factory/index.js
FN:9,ThingFactory
FN:24,(anonymous_2)
FN:26,(anonymous_3)
FN:35,(anonymous_4)
FN:40,(anonymous_5)
FN:54,(anonymous_6)
FN:66,(anonymous_7)
FN:72,(anonymous_8)
FN:74,getSharedProperties
FN:88,(anonymous_10)
FN:97,(anonymous_11)
FN:103,buildLifeBranch
FN:119,(anonymous_13)
FN:130,recurseClass
FNF:14
FNH:7
FNDA:1,ThingFactory
FNDA:1,(anonymous_2)
FNDA:3,(anonymous_3)
FNDA:1,(anonymous_4)
FNDA:3,(anonymous_5)
FNDA:2,(anonymous_6)
FNDA:0,(anonymous_7)
FNDA:0,(anonymous_8)
FNDA:0,getSharedProperties
FNDA:0,(anonymous_10)
FNDA:0,(anonymous_11)
FNDA:0,buildLifeBranch
FNDA:0,(anonymous_13)
FNDA:8,recurseClass
DA:2,1
DA:3,1
DA:4,1
DA:5,1
DA:7,1
DA:9,1
DA:10,1
DA:12,1
DA:13,1
DA:14,1
DA:16,1
DA:19,1
DA:22,1
DA:24,1
DA:25,1
DA:26,1
DA:27,3
DA:28,3
DA:30,3
DA:32,3
DA:35,1
DA:36,1
DA:40,1
DA:42,3
DA:43,3
DA:44,3
DA:45,1
DA:46,1
DA:49,2
DA:50,2
DA:54,1
DA:56,2
DA:57,2
DA:58,2
DA:59,2
DA:61,2
DA:63,2
DA:66,1
DA:67,0
DA:72,1
DA:74,1
DA:75,0
DA:76,0
DA:77,0
DA:80,0
DA:83,0
DA:84,0
DA:85,0
DA:86,0
DA:88,0
DA:90,0
DA:93,0
DA:97,1
DA:99,0
DA:100,0
DA:103,1
DA:104,0
DA:105,0
DA:106,0
DA:107,0
DA:109,0
DA:110,0
DA:111,0
DA:113,0
DA:115,0
DA:119,0
DA:120,0
DA:121,0
DA:122,0
DA:123,0
DA:124,0
DA:127,0
DA:130,1
DA:131,8
DA:132,6
DA:133,6
LF:76
LH:46
BRDA:28,1,0,0
BRDA:28,1,1,3
BRDA:44,2,0,1
BRDA:44,2,1,2
BRDA:77,3,0,0
BRDA:77,3,1,0
BRDA:85,4,0,0
BRDA:85,4,1,0
BRDA:106,5,0,0
BRDA:106,5,1,0
BRDA:113,6,0,0
BRDA:113,6,1,0
BRDA:131,7,0,2
BRDA:131,7,1,6
BRF:14
BRH:5
end_of_record
TN:
SF:/Users/alex/things/ecosystem/thing-factory/util.js
FN:12,(anonymous_1)
FN:31,(anonymous_2)
FN:36,(anonymous_3)
FN:39,(anonymous_4)
FN:48,(anonymous_5)
FN:49,(anonymous_6)
FN:57,(anonymous_7)
FN:58,(anonymous_8)
FN:59,(anonymous_9)
FN:67,(anonymous_10)
FN:68,(anonymous_11)
FN:69,(anonymous_12)
FNF:12
FNH:0
FNDA:0,(anonymous_1)
FNDA:0,(anonymous_2)
FNDA:0,(anonymous_3)
FNDA:0,(anonymous_4)
FNDA:0,(anonymous_5)
FNDA:0,(anonymous_6)
FNDA:0,(anonymous_7)
FNDA:0,(anonymous_8)
FNDA:0,(anonymous_9)
FNDA:0,(anonymous_10)
FNDA:0,(anonymous_11)
FNDA:0,(anonymous_12)
DA:4,1
DA:6,1
DA:7,1
DA:12,1
DA:13,0
DA:19,0
DA:20,0
DA:21,0
DA:22,0
DA:23,0
DA:27,0
DA:31,1
DA:32,0
DA:33,0
DA:34,0
DA:36,0
DA:37,0
DA:38,0
DA:39,0
DA:40,0
DA:44,0
DA:48,1
DA:49,0
DA:50,0
DA:51,0
DA:52,0
DA:57,1
DA:58,0
DA:59,0
DA:60,0
DA:64,0
DA:67,1
DA:68,0
DA:69,0
DA:70,0
DA:74,0
LF:36
LH:8
BRDA:22,1,0,0
BRDA:22,1,1,0
BRDA:32,2,0,0
BRDA:32,2,1,0
BRDA:37,3,0,0
BRDA:37,3,1,0
BRDA:38,4,0,0
BRDA:38,4,1,0
BRDA:50,5,0,0
BRDA:50,5,1,0
BRDA:50,6,0,0
BRDA:50,6,1,0
BRF:12
BRH:0
end_of_record
TN:
SF:/Users/alex/things/ecosystem/thing-factory/things/baseclass.js
FN:5,BaseClass
FNF:1
FNH:1
FNDA:2,BaseClass
DA:3,1
DA:5,1
DA:6,2
LF:3
LH:3
BRDA:6,1,0,0
BRDA:6,1,1,2
BRF:2
BRH:1
end_of_record
TN:
SF:/Users/alex/things/ecosystem/thing-factory/things/extendedclass.js
FN:8,ExtendedClass
FNF:1
FNH:1
FNDA:2,ExtendedClass
DA:3,1
DA:4,1
DA:6,1
DA:8,1
DA:9,2
DA:11,2
DA:14,1
LF:7
LH:7
BRDA:9,1,0,0
BRDA:9,1,1,2
BRF:2
BRH:1
end_of_record
TN:
SF:/Users/alex/things/ecosystem/thing-factory/things/superclass.js
FN:8,SuperClass
FNF:1
FNH:1
FNDA:2,SuperClass
DA:3,1
DA:4,1
DA:6,1
DA:8,1
DA:9,2
DA:11,2
DA:14,1
LF:7
LH:7
BRDA:9,1,0,1
BRDA:9,1,1,1
BRF:2
BRH:2
end_of_record
